D:\GIT\LUA-5.1.4\VS2010\LUALIB\DEBUG_DLL\LINIT.OBJ
D:\GIT\LUA-5.1.4\VS2010\LUALIB\DEBUG_DLL\LIOLIB.OBJ
D:\GIT\LUA-5.1.4\VS2010\LUALIB\DEBUG_DLL\LLEX.OBJ
D:\GIT\LUA-5.1.4\VS2010\LUALIB\DEBUG_DLL\LMATHLIB.OBJ
D:\GIT\LUA-5.1.4\VS2010\LUALIB\DEBUG_DLL\LMEM.OBJ
D:\GIT\LUA-5.1.4\VS2010\LUALIB\DEBUG_DLL\LOADLIB.OBJ
D:\GIT\LUA-5.1.4\VS2010\LUALIB\DEBUG_DLL\LOBJECT.OBJ
D:\GIT\LUA-5.1.4\VS2010\LUALIB\DEBUG_DLL\LOPCODES.OBJ
D:\GIT\LUA-5.1.4\VS2010\LUALIB\DEBUG_DLL\LOSLIB.OBJ
D:\GIT\LUA-5.1.4\VS2010\LUALIB\DEBUG_DLL\LPARSER.OBJ
D:\GIT\LUA-5.1.4\VS2010\LUALIB\DEBUG_DLL\LSTATE.OBJ
D:\GIT\LUA-5.1.4\VS2010\LUALIB\DEBUG_DLL\LSTRING.OBJ
D:\GIT\LUA-5.1.4\VS2010\LUALIB\DEBUG_DLL\LSTRLIB.OBJ
D:\GIT\LUA-5.1.4\VS2010\LUALIB\DEBUG_DLL\LTABLE.OBJ
D:\GIT\LUA-5.1.4\VS2010\LUALIB\DEBUG_DLL\LTABLIB.OBJ
D:\GIT\LUA-5.1.4\VS2010\LUALIB\DEBUG_DLL\LTM.OBJ
D:\GIT\LUA-5.1.4\VS2010\LUALIB\DEBUG_DLL\LUNDUMP.OBJ
D:\GIT\LUA-5.1.4\VS2010\LUALIB\DEBUG_DLL\LVM.OBJ
D:\GIT\LUA-5.1.4\VS2010\LUALIB\DEBUG_DLL\LZIO.OBJ
D:\GIT\LUA-5.1.4\VS2010\LUALIB\DEBUG_DLL\PRINT.OBJ
D:\GIT\LUA-5.1.4\VS2010\LUALIB\DEBUG_DLL\LAPI.OBJ
D:\GIT\LUA-5.1.4\VS2010\LUALIB\DEBUG_DLL\LAUXLIB.OBJ
D:\GIT\LUA-5.1.4\VS2010\LUALIB\DEBUG_DLL\LBASELIB.OBJ
D:\GIT\LUA-5.1.4\VS2010\LUALIB\DEBUG_DLL\LCODE.OBJ
D:\GIT\LUA-5.1.4\VS2010\LUALIB\DEBUG_DLL\LDBLIB.OBJ
D:\GIT\LUA-5.1.4\VS2010\LUALIB\DEBUG_DLL\LDEBUG.OBJ
D:\GIT\LUA-5.1.4\VS2010\LUALIB\DEBUG_DLL\LDO.OBJ
D:\GIT\LUA-5.1.4\VS2010\LUALIB\DEBUG_DLL\LDUMP.OBJ
D:\GIT\LUA-5.1.4\VS2010\LUALIB\DEBUG_DLL\LFUNC.OBJ
D:\GIT\LUA-5.1.4\VS2010\LUALIB\DEBUG_DLL\LGC.OBJ
D:\GIT\LUA-5.1.4\VS2010\LUALIB\DEBUG_DLL\VC110.PDB
D:\LIBS\LUA\LUA-5.2.3\VS2010\LUALIB\DEBUG_DLL\LINIT.OBJ
D:\LIBS\LUA\LUA-5.2.3\VS2010\LUALIB\DEBUG_DLL\LIOLIB.OBJ
D:\LIBS\LUA\LUA-5.2.3\VS2010\LUALIB\DEBUG_DLL\LLEX.OBJ
D:\LIBS\LUA\LUA-5.2.3\VS2010\LUALIB\DEBUG_DLL\LMATHLIB.OBJ
D:\LIBS\LUA\LUA-5.2.3\VS2010\LUALIB\DEBUG_DLL\LMEM.OBJ
D:\LIBS\LUA\LUA-5.2.3\VS2010\LUALIB\DEBUG_DLL\LOADLIB.OBJ
D:\LIBS\LUA\LUA-5.2.3\VS2010\LUALIB\DEBUG_DLL\LOBJECT.OBJ
D:\LIBS\LUA\LUA-5.2.3\VS2010\LUALIB\DEBUG_DLL\LOPCODES.OBJ
D:\LIBS\LUA\LUA-5.2.3\VS2010\LUALIB\DEBUG_DLL\LOSLIB.OBJ
D:\LIBS\LUA\LUA-5.2.3\VS2010\LUALIB\DEBUG_DLL\LPARSER.OBJ
D:\LIBS\LUA\LUA-5.2.3\VS2010\LUALIB\DEBUG_DLL\LSTATE.OBJ
D:\LIBS\LUA\LUA-5.2.3\VS2010\LUALIB\DEBUG_DLL\LSTRING.OBJ
D:\LIBS\LUA\LUA-5.2.3\VS2010\LUALIB\DEBUG_DLL\LSTRLIB.OBJ
D:\LIBS\LUA\LUA-5.2.3\VS2010\LUALIB\DEBUG_DLL\LTABLE.OBJ
D:\LIBS\LUA\LUA-5.2.3\VS2010\LUALIB\DEBUG_DLL\LTABLIB.OBJ
D:\LIBS\LUA\LUA-5.2.3\VS2010\LUALIB\DEBUG_DLL\LTM.OBJ
D:\LIBS\LUA\LUA-5.2.3\VS2010\LUALIB\DEBUG_DLL\LUNDUMP.OBJ
D:\LIBS\LUA\LUA-5.2.3\VS2010\LUALIB\DEBUG_DLL\LVM.OBJ
D:\LIBS\LUA\LUA-5.2.3\VS2010\LUALIB\DEBUG_DLL\LZIO.OBJ
D:\LIBS\LUA\LUA-5.2.3\VS2010\LUALIB\DEBUG_DLL\LAPI.OBJ
D:\LIBS\LUA\LUA-5.2.3\VS2010\LUALIB\DEBUG_DLL\LAUXLIB.OBJ
D:\LIBS\LUA\LUA-5.2.3\VS2010\LUALIB\DEBUG_DLL\LBASELIB.OBJ
D:\LIBS\LUA\LUA-5.2.3\VS2010\LUALIB\DEBUG_DLL\LCODE.OBJ
D:\LIBS\LUA\LUA-5.2.3\VS2010\LUALIB\DEBUG_DLL\LDBLIB.OBJ
D:\LIBS\LUA\LUA-5.2.3\VS2010\LUALIB\DEBUG_DLL\LDEBUG.OBJ
D:\LIBS\LUA\LUA-5.2.3\VS2010\LUALIB\DEBUG_DLL\LDO.OBJ
D:\LIBS\LUA\LUA-5.2.3\VS2010\LUALIB\DEBUG_DLL\LDUMP.OBJ
D:\LIBS\LUA\LUA-5.2.3\VS2010\LUALIB\DEBUG_DLL\LFUNC.OBJ
D:\LIBS\LUA\LUA-5.2.3\VS2010\LUALIB\DEBUG_DLL\LGC.OBJ
D:\LIBS\LUA\LUA-5.2.3\VS2010\LUALIB\DEBUG_DLL\VC110.PDB
D:\LIBS\LUA\LUA-5.2.3\VS2010\LUALIB\DEBUG_DLL\LBITLIB.OBJ
D:\LIBS\LUA\LUA-5.2.3\VS2010\LUALIB\DEBUG_DLL\LCOROLIB.OBJ
D:\LIBS\LUA\LUA-5.2.3\VS2010\LUALIB\DEBUG_DLL\LCTYPE.OBJ
D:\LIBS\LUA\LUA-5.2.3\VS2010\LUALIB\DEBUG_DLL\LUA.OBJ
D:\LIBS\LUA\LUA-5.2.3\VS2010\LUALIB\DEBUG_DLL\LUAC.OBJ
D:\GIT\LUA-5.1.4\LIB\LUA51_D.ILK
D:\GIT\LUA-5.1.4\LIB\LUA51_D.DLL
D:\GIT\LUA-5.1.4\LIB\LUA51_D.PDB
D:\LIBS\LUA\LUA-5.2.3\LIB\LUA52_D.ILK
D:\LIBS\LUA\LUA-5.2.3\LIB\LUA52_D.DLL
D:\LIBS\LUA\LUA-5.2.3\LIB\LUA52_D.PDB
䑞尺楧屴畬ⵡ⸵⸱尴獶〲〱汜慵楬屢畬污扩瘮硣牰橯਍㩄杜瑩汜慵㔭ㄮ㐮汜扩汜慵ㄵ摟氮扩਍㩄杜瑩汜慵㔭ㄮ㐮汜扩汜慵ㄵ摟氮扩਍㩄杜瑩汜慵㔭ㄮ㐮汜扩汜慵ㄵ摟攮灸਍㩄杜瑩汜慵㔭ㄮ㐮汜扩汜慵ㄵ摟攮灸਍䑞尺楬獢汜慵汜慵㔭㈮㌮癜㉳㄰尰畬污扩汜慵楬⹢捶灸潲൪䐊尺楬獢汜慵汜慵㔭㈮㌮汜扩汜慵㈵摟氮扩਍㩄汜扩屳畬屡畬ⵡ⸵⸲尳楬屢畬㕡弲⹤楬ൢ䐊尺楬獢汜慵汜慵㔭㈮㌮汜扩汜慵㈵摟攮灸਍㩄汜扩屳畬屡畬ⵡ⸵⸲尳楬屢畬㕡弲⹤硥൰帊㩄汜扩屳畬屡畬ⵡ⸵⸲尳獶〲〱汜慵楬屢畬污扩瘮硣牰橯਍㩄汜扩屳畬屡畬ⵡ⸵⸲尳楬屢畬㕡弲⹤楬ൢ䐊尺楬獢汜慵汜慵㔭㈮㌮汜扩汜慵㈵摟氮扩਍㩄汜扩屳畬屡畬ⵡ⸵⸲尳楬屢畬㕡弲⹤硥൰䐊尺楬獢汜慵汜慵㔭㈮㌮汜扩汜慵㈵摟攮灸਍
D:\libs\lua\lua-5.2.3\vs2010\lualib\Debug_dll\lapi.obj
D:\libs\lua\lua-5.2.3\vs2010\lualib\Debug_dll\lauxlib.obj
D:\libs\lua\lua-5.2.3\vs2010\lualib\Debug_dll\lbaselib.obj
D:\libs\lua\lua-5.2.3\vs2010\lualib\Debug_dll\lbitlib.obj
D:\libs\lua\lua-5.2.3\vs2010\lualib\Debug_dll\lcode.obj
D:\libs\lua\lua-5.2.3\vs2010\lualib\Debug_dll\lcorolib.obj
D:\libs\lua\lua-5.2.3\vs2010\lualib\Debug_dll\lctype.obj
D:\libs\lua\lua-5.2.3\vs2010\lualib\Debug_dll\ldblib.obj
D:\libs\lua\lua-5.2.3\vs2010\lualib\Debug_dll\ldebug.obj
D:\libs\lua\lua-5.2.3\vs2010\lualib\Debug_dll\ldo.obj
D:\libs\lua\lua-5.2.3\vs2010\lualib\Debug_dll\ldump.obj
D:\libs\lua\lua-5.2.3\vs2010\lualib\Debug_dll\lfunc.obj
D:\libs\lua\lua-5.2.3\vs2010\lualib\Debug_dll\lgc.obj
D:\libs\lua\lua-5.2.3\vs2010\lualib\Debug_dll\linit.obj
D:\libs\lua\lua-5.2.3\vs2010\lualib\Debug_dll\liolib.obj
D:\libs\lua\lua-5.2.3\vs2010\lualib\Debug_dll\llex.obj
D:\libs\lua\lua-5.2.3\vs2010\lualib\Debug_dll\lmathlib.obj
D:\libs\lua\lua-5.2.3\vs2010\lualib\Debug_dll\lmem.obj
D:\libs\lua\lua-5.2.3\vs2010\lualib\Debug_dll\loadlib.obj
D:\libs\lua\lua-5.2.3\vs2010\lualib\Debug_dll\lobject.obj
D:\libs\lua\lua-5.2.3\vs2010\lualib\Debug_dll\lopcodes.obj
D:\libs\lua\lua-5.2.3\vs2010\lualib\Debug_dll\loslib.obj
D:\libs\lua\lua-5.2.3\vs2010\lualib\Debug_dll\lparser.obj
D:\libs\lua\lua-5.2.3\vs2010\lualib\Debug_dll\lstate.obj
D:\libs\lua\lua-5.2.3\vs2010\lualib\Debug_dll\lstring.obj
D:\libs\lua\lua-5.2.3\vs2010\lualib\Debug_dll\lstrlib.obj
D:\libs\lua\lua-5.2.3\vs2010\lualib\Debug_dll\ltable.obj
D:\libs\lua\lua-5.2.3\vs2010\lualib\Debug_dll\ltablib.obj
D:\libs\lua\lua-5.2.3\vs2010\lualib\Debug_dll\ltm.obj
D:\libs\lua\lua-5.2.3\vs2010\lualib\Debug_dll\lua.obj
D:\libs\lua\lua-5.2.3\vs2010\lualib\Debug_dll\luac.obj
D:\libs\lua\lua-5.2.3\vs2010\lualib\Debug_dll\lundump.obj
D:\libs\lua\lua-5.2.3\vs2010\lualib\Debug_dll\lvm.obj
D:\libs\lua\lua-5.2.3\vs2010\lualib\Debug_dll\lzio.obj
D:\libs\lua\lua-5.2.3\vs2010\lualib\Debug_dll\print.obj
D:\libs\lua\lua-5.2.3\vs2010\lualib\Debug_dll\cl.command.1.tlog
D:\libs\lua\lua-5.2.3\vs2010\lualib\Debug_dll\CL.read.1.tlog
D:\libs\lua\lua-5.2.3\vs2010\lualib\Debug_dll\CL.write.1.tlog
D:\libs\lua\lua-5.2.3\vs2010\lualib\Debug_dll\link-cvtres.read.1.tlog
D:\libs\lua\lua-5.2.3\vs2010\lualib\Debug_dll\link-cvtres.write.1.tlog
D:\libs\lua\lua-5.2.3\vs2010\lualib\Debug_dll\link-rc.read.1.tlog
D:\libs\lua\lua-5.2.3\vs2010\lualib\Debug_dll\link-rc.write.1.tlog
D:\libs\lua\lua-5.2.3\vs2010\lualib\Debug_dll\link.668-cvtres.read.1.tlog
D:\libs\lua\lua-5.2.3\vs2010\lualib\Debug_dll\link.668-cvtres.write.1.tlog
D:\libs\lua\lua-5.2.3\vs2010\lualib\Debug_dll\link.668-rc.read.1.tlog
D:\libs\lua\lua-5.2.3\vs2010\lualib\Debug_dll\link.668-rc.write.1.tlog
D:\libs\lua\lua-5.2.3\vs2010\lualib\Debug_dll\link.668.read.1.tlog
D:\libs\lua\lua-5.2.3\vs2010\lualib\Debug_dll\link.668.write.1.tlog
D:\libs\lua\lua-5.2.3\vs2010\lualib\Debug_dll\link.command.1.tlog
D:\libs\lua\lua-5.2.3\vs2010\lualib\Debug_dll\link.read.1.tlog
D:\libs\lua\lua-5.2.3\vs2010\lualib\Debug_dll\link.write.1.tlog
D:\libs\lua\lua-5.2.3\vs2010\lualib\Debug_dll\lualib.write.1.tlog
D:\libs\lua\lua-5.2.3\vs2010\lualib\Debug_dll\vc110.idb
D:\libs\lua\lua-5.2.3\vs2010\lualib\Debug_dll\vc110.pdb
D:\libs\lua\lua-5.2.3\vs2010\lualib\../../lib\lua52_d.dll
