D:\GIT\LUA-5.1.4\VS2010\LUALIB\RELEASE_DLL\LPARSER.OBJ
D:\GIT\LUA-5.1.4\VS2010\LUALIB\RELEASE_DLL\LOSLIB.OBJ
D:\GIT\LUA-5.1.4\VS2010\LUALIB\RELEASE_DLL\LOPCODES.OBJ
D:\GIT\LUA-5.1.4\VS2010\LUALIB\RELEASE_DLL\LOBJECT.OBJ
D:\GIT\LUA-5.1.4\VS2010\LUALIB\RELEASE_DLL\LOADLIB.OBJ
D:\GIT\LUA-5.1.4\VS2010\LUALIB\RELEASE_DLL\LMEM.OBJ
D:\GIT\LUA-5.1.4\VS2010\LUALIB\RELEASE_DLL\LMATHLIB.OBJ
D:\GIT\LUA-5.1.4\VS2010\LUALIB\RELEASE_DLL\LLEX.OBJ
D:\GIT\LUA-5.1.4\VS2010\LUALIB\RELEASE_DLL\LIOLIB.OBJ
D:\GIT\LUA-5.1.4\VS2010\LUALIB\RELEASE_DLL\LINIT.OBJ
D:\GIT\LUA-5.1.4\VS2010\LUALIB\RELEASE_DLL\LGC.OBJ
D:\GIT\LUA-5.1.4\VS2010\LUALIB\RELEASE_DLL\LFUNC.OBJ
D:\GIT\LUA-5.1.4\VS2010\LUALIB\RELEASE_DLL\LDUMP.OBJ
D:\GIT\LUA-5.1.4\VS2010\LUALIB\RELEASE_DLL\LDO.OBJ
D:\GIT\LUA-5.1.4\VS2010\LUALIB\RELEASE_DLL\LDEBUG.OBJ
D:\GIT\LUA-5.1.4\VS2010\LUALIB\RELEASE_DLL\LDBLIB.OBJ
D:\GIT\LUA-5.1.4\VS2010\LUALIB\RELEASE_DLL\LCODE.OBJ
D:\GIT\LUA-5.1.4\VS2010\LUALIB\RELEASE_DLL\LBASELIB.OBJ
D:\GIT\LUA-5.1.4\VS2010\LUALIB\RELEASE_DLL\LAUXLIB.OBJ
D:\GIT\LUA-5.1.4\VS2010\LUALIB\RELEASE_DLL\LAPI.OBJ
D:\GIT\LUA-5.1.4\VS2010\LUALIB\RELEASE_DLL\PRINT.OBJ
D:\GIT\LUA-5.1.4\VS2010\LUALIB\RELEASE_DLL\LZIO.OBJ
D:\GIT\LUA-5.1.4\VS2010\LUALIB\RELEASE_DLL\LVM.OBJ
D:\GIT\LUA-5.1.4\VS2010\LUALIB\RELEASE_DLL\LUNDUMP.OBJ
D:\GIT\LUA-5.1.4\VS2010\LUALIB\RELEASE_DLL\LTM.OBJ
D:\GIT\LUA-5.1.4\VS2010\LUALIB\RELEASE_DLL\LTABLIB.OBJ
D:\GIT\LUA-5.1.4\VS2010\LUALIB\RELEASE_DLL\LTABLE.OBJ
D:\GIT\LUA-5.1.4\VS2010\LUALIB\RELEASE_DLL\LSTRLIB.OBJ
D:\GIT\LUA-5.1.4\VS2010\LUALIB\RELEASE_DLL\LSTRING.OBJ
D:\GIT\LUA-5.1.4\VS2010\LUALIB\RELEASE_DLL\LSTATE.OBJ
D:\GIT\LUA-5.1.4\VS2010\LUALIB\RELEASE_DLL\VC110.PDB
D:\LIBS\LUA\LUA-5.2.3\VS2010\LUALIB\RELEASE_DLL\LOBJECT.OBJ
D:\LIBS\LUA\LUA-5.2.3\VS2010\LUALIB\RELEASE_DLL\LOADLIB.OBJ
D:\LIBS\LUA\LUA-5.2.3\VS2010\LUALIB\RELEASE_DLL\LMEM.OBJ
D:\LIBS\LUA\LUA-5.2.3\VS2010\LUALIB\RELEASE_DLL\LMATHLIB.OBJ
D:\LIBS\LUA\LUA-5.2.3\VS2010\LUALIB\RELEASE_DLL\LLEX.OBJ
D:\LIBS\LUA\LUA-5.2.3\VS2010\LUALIB\RELEASE_DLL\LIOLIB.OBJ
D:\LIBS\LUA\LUA-5.2.3\VS2010\LUALIB\RELEASE_DLL\LINIT.OBJ
D:\LIBS\LUA\LUA-5.2.3\VS2010\LUALIB\RELEASE_DLL\LGC.OBJ
D:\LIBS\LUA\LUA-5.2.3\VS2010\LUALIB\RELEASE_DLL\LFUNC.OBJ
D:\LIBS\LUA\LUA-5.2.3\VS2010\LUALIB\RELEASE_DLL\LDUMP.OBJ
D:\LIBS\LUA\LUA-5.2.3\VS2010\LUALIB\RELEASE_DLL\LDO.OBJ
D:\LIBS\LUA\LUA-5.2.3\VS2010\LUALIB\RELEASE_DLL\LDEBUG.OBJ
D:\LIBS\LUA\LUA-5.2.3\VS2010\LUALIB\RELEASE_DLL\LDBLIB.OBJ
D:\LIBS\LUA\LUA-5.2.3\VS2010\LUALIB\RELEASE_DLL\LCTYPE.OBJ
D:\LIBS\LUA\LUA-5.2.3\VS2010\LUALIB\RELEASE_DLL\LCOROLIB.OBJ
D:\LIBS\LUA\LUA-5.2.3\VS2010\LUALIB\RELEASE_DLL\LCODE.OBJ
D:\LIBS\LUA\LUA-5.2.3\VS2010\LUALIB\RELEASE_DLL\LBITLIB.OBJ
D:\LIBS\LUA\LUA-5.2.3\VS2010\LUALIB\RELEASE_DLL\LBASELIB.OBJ
D:\LIBS\LUA\LUA-5.2.3\VS2010\LUALIB\RELEASE_DLL\LAUXLIB.OBJ
D:\LIBS\LUA\LUA-5.2.3\VS2010\LUALIB\RELEASE_DLL\LAPI.OBJ
D:\LIBS\LUA\LUA-5.2.3\VS2010\LUALIB\RELEASE_DLL\LZIO.OBJ
D:\LIBS\LUA\LUA-5.2.3\VS2010\LUALIB\RELEASE_DLL\LVM.OBJ
D:\LIBS\LUA\LUA-5.2.3\VS2010\LUALIB\RELEASE_DLL\LUNDUMP.OBJ
D:\LIBS\LUA\LUA-5.2.3\VS2010\LUALIB\RELEASE_DLL\LUAC.OBJ
D:\LIBS\LUA\LUA-5.2.3\VS2010\LUALIB\RELEASE_DLL\LTM.OBJ
D:\LIBS\LUA\LUA-5.2.3\VS2010\LUALIB\RELEASE_DLL\LTABLIB.OBJ
D:\LIBS\LUA\LUA-5.2.3\VS2010\LUALIB\RELEASE_DLL\LTABLE.OBJ
D:\LIBS\LUA\LUA-5.2.3\VS2010\LUALIB\RELEASE_DLL\LSTRLIB.OBJ
D:\LIBS\LUA\LUA-5.2.3\VS2010\LUALIB\RELEASE_DLL\LSTRING.OBJ
D:\LIBS\LUA\LUA-5.2.3\VS2010\LUALIB\RELEASE_DLL\LSTATE.OBJ
D:\LIBS\LUA\LUA-5.2.3\VS2010\LUALIB\RELEASE_DLL\LPARSER.OBJ
D:\LIBS\LUA\LUA-5.2.3\VS2010\LUALIB\RELEASE_DLL\LOSLIB.OBJ
D:\LIBS\LUA\LUA-5.2.3\VS2010\LUALIB\RELEASE_DLL\LOPCODES.OBJ
D:\LIBS\LUA\LUA-5.2.3\VS2010\LUALIB\RELEASE_DLL\VC110.PDB
D:\GIT\LUA-5.1.4\LIB\LUA51.DLL
D:\GIT\LUA-5.1.4\LIB\LUA51.PDB
D:\LIBS\LUA\LUA-5.2.3\LIB\LUA52.DLL
D:\LIBS\LUA\LUA-5.2.3\LIB\LUA52.PDB
D:\git\lua-5.1.4\lib\lua51.lib
D:\git\lua-5.1.4\lib\lua51.exp
D:\libs\lua\lua-5.2.3\lib\lua52.lib
D:\libs\lua\lua-5.2.3\lib\lua52.exp
D:\libs\lua\lua-5.2.3\vs2010\lualib\Release_dll\lapi.obj
D:\libs\lua\lua-5.2.3\vs2010\lualib\Release_dll\lauxlib.obj
D:\libs\lua\lua-5.2.3\vs2010\lualib\Release_dll\lbaselib.obj
D:\libs\lua\lua-5.2.3\vs2010\lualib\Release_dll\lbitlib.obj
D:\libs\lua\lua-5.2.3\vs2010\lualib\Release_dll\lcode.obj
D:\libs\lua\lua-5.2.3\vs2010\lualib\Release_dll\lcorolib.obj
D:\libs\lua\lua-5.2.3\vs2010\lualib\Release_dll\lctype.obj
D:\libs\lua\lua-5.2.3\vs2010\lualib\Release_dll\ldblib.obj
D:\libs\lua\lua-5.2.3\vs2010\lualib\Release_dll\ldebug.obj
D:\libs\lua\lua-5.2.3\vs2010\lualib\Release_dll\ldo.obj
D:\libs\lua\lua-5.2.3\vs2010\lualib\Release_dll\ldump.obj
D:\libs\lua\lua-5.2.3\vs2010\lualib\Release_dll\lfunc.obj
D:\libs\lua\lua-5.2.3\vs2010\lualib\Release_dll\lgc.obj
D:\libs\lua\lua-5.2.3\vs2010\lualib\Release_dll\linit.obj
D:\libs\lua\lua-5.2.3\vs2010\lualib\Release_dll\liolib.obj
D:\libs\lua\lua-5.2.3\vs2010\lualib\Release_dll\llex.obj
D:\libs\lua\lua-5.2.3\vs2010\lualib\Release_dll\lmathlib.obj
D:\libs\lua\lua-5.2.3\vs2010\lualib\Release_dll\lmem.obj
D:\libs\lua\lua-5.2.3\vs2010\lualib\Release_dll\loadlib.obj
D:\libs\lua\lua-5.2.3\vs2010\lualib\Release_dll\lobject.obj
D:\libs\lua\lua-5.2.3\vs2010\lualib\Release_dll\lopcodes.obj
D:\libs\lua\lua-5.2.3\vs2010\lualib\Release_dll\loslib.obj
D:\libs\lua\lua-5.2.3\vs2010\lualib\Release_dll\lparser.obj
D:\libs\lua\lua-5.2.3\vs2010\lualib\Release_dll\lstate.obj
D:\libs\lua\lua-5.2.3\vs2010\lualib\Release_dll\lstring.obj
D:\libs\lua\lua-5.2.3\vs2010\lualib\Release_dll\lstrlib.obj
D:\libs\lua\lua-5.2.3\vs2010\lualib\Release_dll\ltable.obj
D:\libs\lua\lua-5.2.3\vs2010\lualib\Release_dll\ltablib.obj
D:\libs\lua\lua-5.2.3\vs2010\lualib\Release_dll\ltm.obj
D:\libs\lua\lua-5.2.3\vs2010\lualib\Release_dll\luac.obj
D:\libs\lua\lua-5.2.3\vs2010\lualib\Release_dll\lundump.obj
D:\libs\lua\lua-5.2.3\vs2010\lualib\Release_dll\lvm.obj
D:\libs\lua\lua-5.2.3\vs2010\lualib\Release_dll\lzio.obj
D:\libs\lua\lua-5.2.3\vs2010\lualib\Release_dll\print.obj
D:\libs\lua\lua-5.2.3\vs2010\lualib\Release_dll\cl.command.1.tlog
D:\libs\lua\lua-5.2.3\vs2010\lualib\Release_dll\CL.read.1.tlog
D:\libs\lua\lua-5.2.3\vs2010\lualib\Release_dll\CL.write.1.tlog
D:\libs\lua\lua-5.2.3\vs2010\lualib\Release_dll\link-cvtres.read.1.tlog
D:\libs\lua\lua-5.2.3\vs2010\lualib\Release_dll\link-cvtres.write.1.tlog
D:\libs\lua\lua-5.2.3\vs2010\lualib\Release_dll\link-rc.read.1.tlog
D:\libs\lua\lua-5.2.3\vs2010\lualib\Release_dll\link-rc.write.1.tlog
D:\libs\lua\lua-5.2.3\vs2010\lualib\Release_dll\link.command.1.tlog
D:\libs\lua\lua-5.2.3\vs2010\lualib\Release_dll\link.read.1.tlog
D:\libs\lua\lua-5.2.3\vs2010\lualib\Release_dll\link.write.1.tlog
D:\libs\lua\lua-5.2.3\vs2010\lualib\Release_dll\lualib.write.1.tlog
D:\libs\lua\lua-5.2.3\vs2010\lualib\Release_dll\vc110.pdb
D:\libs\lua\lua-5.2.3\vs2010\lualib\../../lib\lua52.dll
